<?xml version="1.0" encoding="UTF-8"?>
<!-- Generated by org.testng.reporters.JUnitReportReporter -->
<testsuite hostname="Dhanu-PC" name="SeleniumStuff.NewTest" tests="1" failures="0" timestamp="21 Mar 2018 15:17:55 GMT" time="0.028" errors="0">
  <testcase name="Test1" time="0.028" classname="SeleniumStuff.NewTest"/>
</testsuite> <!-- SeleniumStuff.NewTest -->
